<?xml version="1.0" encoding="UTF-8"?>
<!-- Generated by org.testng.reporters.JUnitReportReporter -->
<testsuite skipped="6" hostname="FULL419-PRT.FULL.Creative" name="AW.AWautomation" tests="11" failures="0" timestamp="30 Mar 2018 07:19:09 GMT" time="39.934" errors="0">
  <testcase name="StartAW" time="20.139" classname="AW.AWautomation"/>
  <testcase name="setChromeAttributes" time="1.106" classname="AW.AWautomation"/>
  <testcase name="ChromeCommunication" time="0.685" classname="AW.AWautomation"/>
  <testcase name="fetch" time="17.989" classname="AW.AWautomation"/>
  <testcase name="closeaw" time="0.015" classname="AW.AWautomation"/>
  <testcase name="Backupform" classname="AW.AWautomation">
    <skipped/>
  </testcase> <!-- Backupform -->
  <testcase name="Login" classname="AW.AWautomation">
    <skipped/>
  </testcase> <!-- Login -->
  <testcase name="Feedback" classname="AW.AWautomation">
    <skipped/>
  </testcase> <!-- Feedback -->
  <testcase name="ClearCache" classname="AW.AWautomation">
    <skipped/>
  </testcase> <!-- ClearCache -->
  <testcase name="Reload" classname="AW.AWautomation">
    <skipped/>
  </testcase> <!-- Reload -->
  <testcase name="Refetch" classname="AW.AWautomation">
    <skipped/>
  </testcase> <!-- Refetch -->
</testsuite> <!-- AW.AWautomation -->
